<?xml version="1.0" encoding="UTF-8"?>
<!-- Generated by org.testng.reporters.JUnitReportReporter -->
<testsuite skipped="0" hostname="user-PC" name="com.cb.pom.MavenPom.Base.BaseClass" tests="2" failures="0" timestamp="28 Mar 2018 06:36:45 GMT" time="14.101" errors="0">
  <testcase name="DriverClass" time="13.561" classname="com.cb.pom.MavenPom.Base.BaseClass"/>
  <testcase name="TakeScreenShot" time="0.540" classname="com.cb.pom.MavenPom.Base.BaseClass"/>
</testsuite> <!-- com.cb.pom.MavenPom.Base.BaseClass -->
